6/6/2018 9:32:23 AMAn Application error has occured.
 Error: Object reference not set to an instance of an object.
Stack trace:    at IndiaHacksGame.ViewModel.MainViewModel.<UpdateLeadersBoard>b__16_0() in C:\Users\Admin\OneDrive\Old\IndiaHacks\Gladiators\IndiaHacksGame\ViewModel\MainViewModel.cs:line 238
   at System.Windows.Threading.ExceptionWrapper.InternalRealCall(Delegate callback, Object args, Int32 numArgs)
   at System.Windows.Threading.ExceptionWrapper.TryCatchWhen(Object source, Delegate callback, Object args, Int32 numArgs, Delegate catchHandler)
6/6/2018 9:34:25 AMAn Application error has occured.
 Error: Object reference not set to an instance of an object.
Stack trace:    at IndiaHacksGame.ViewModel.MainViewModel.set_IsGameRunning(Boolean value) in C:\Users\Admin\OneDrive\Old\IndiaHacks\Gladiators\IndiaHacksGame\ViewModel\MainViewModel.cs:line 523
   at IndiaHacksGame.ViewModel.MainViewModel.Start() in C:\Users\Admin\OneDrive\Old\IndiaHacks\Gladiators\IndiaHacksGame\ViewModel\MainViewModel.cs:line 95
   at IndiaHacksGame.MainWindow.Play() in C:\Users\Admin\OneDrive\Old\IndiaHacks\Gladiators\IndiaHacksGame\MainWindow.xaml.cs:line 126
   at IndiaHacksGame.MainWindow.<get_PlayCommand>b__12_0(Object param) in C:\Users\Admin\OneDrive\Old\IndiaHacks\Gladiators\IndiaHacksGame\MainWindow.xaml.cs:line 116
   at IndiaHacksGame.ViewModel.RelayCommand`1.Execute(Object parameter) in C:\Users\Admin\OneDrive\Old\IndiaHacks\Gladiators\IndiaHacksGame\ViewModel\RelayCommand.cs:line 76
   at MS.Internal.Commands.CommandHelpers.CriticalExecuteCommandSource(ICommandSource commandSource, Boolean userInitiated)
   at System.Windows.Controls.Primitives.ButtonBase.OnClick()
   at System.Windows.Controls.Button.OnClick()
   at System.Windows.Controls.Primitives.ButtonBase.OnMouseLeftButtonUp(MouseButtonEventArgs e)
   at System.Windows.RoutedEventArgs.InvokeHandler(Delegate handler, Object target)
   at System.Windows.RoutedEventHandlerInfo.InvokeHandler(Object target, RoutedEventArgs routedEventArgs)
   at System.Windows.EventRoute.InvokeHandlersImpl(Object source, RoutedEventArgs args, Boolean reRaised)
   at System.Windows.UIElement.ReRaiseEventAs(DependencyObject sender, RoutedEventArgs args, RoutedEvent newEvent)
   at System.Windows.UIElement.OnMouseUpThunk(Object sender, MouseButtonEventArgs e)
   at System.Windows.RoutedEventArgs.InvokeHandler(Delegate handler, Object target)
   at System.Windows.RoutedEventHandlerInfo.InvokeHandler(Object target, RoutedEventArgs routedEventArgs)
   at System.Windows.EventRoute.InvokeHandlersImpl(Object source, RoutedEventArgs args, Boolean reRaised)
   at System.Windows.UIElement.RaiseEventImpl(DependencyObject sender, RoutedEventArgs args)
   at System.Windows.UIElement.RaiseTrustedEvent(RoutedEventArgs args)
   at System.Windows.Input.InputManager.ProcessStagingArea()
   at System.Windows.Input.InputManager.ProcessInput(InputEventArgs input)
   at System.Windows.Input.InputProviderSite.ReportInput(InputReport inputReport)
   at System.Windows.Interop.HwndMouseInputProvider.ReportInput(IntPtr hwnd, InputMode mode, Int32 timestamp, RawMouseActions actions, Int32 x, Int32 y, Int32 wheel)
   at System.Windows.Interop.HwndMouseInputProvider.FilterMessage(IntPtr hwnd, WindowMessage msg, IntPtr wParam, IntPtr lParam, Boolean& handled)
   at System.Windows.Interop.HwndSource.InputFilterMessage(IntPtr hwnd, Int32 msg, IntPtr wParam, IntPtr lParam, Boolean& handled)
   at MS.Win32.HwndWrapper.WndProc(IntPtr hwnd, Int32 msg, IntPtr wParam, IntPtr lParam, Boolean& handled)
   at MS.Win32.HwndSubclass.DispatcherCallbackOperation(Object o)
   at System.Windows.Threading.ExceptionWrapper.InternalRealCall(Delegate callback, Object args, Int32 numArgs)
   at System.Windows.Threading.ExceptionWrapper.TryCatchWhen(Object source, Delegate callback, Object args, Int32 numArgs, Delegate catchHandler)
6/7/2018 1:28:26 AMAn Application error has occured.
 Error: Exception has been thrown by the target of an invocation.
Stack trace:    at System.RuntimeTypeHandle.CreateInstance(RuntimeType type, Boolean publicOnly, Boolean noCheck, Boolean& canBeCached, RuntimeMethodHandleInternal& ctor, Boolean& bNeedSecurityCheck)
   at System.RuntimeType.CreateInstanceSlow(Boolean publicOnly, Boolean skipCheckThis, Boolean fillCache, StackCrawlMark& stackMark)
   at System.Activator.CreateInstance(Type type, Boolean nonPublic)
   at System.RuntimeType.CreateInstanceImpl(BindingFlags bindingAttr, Binder binder, Object[] args, CultureInfo culture, Object[] activationAttributes, StackCrawlMark& stackMark)
   at System.Activator.CreateInstance(Type type, BindingFlags bindingAttr, Binder binder, Object[] args, CultureInfo culture, Object[] activationAttributes)
   at System.Activator.CreateInstance(Type type, Object[] args)
   at System.Xaml.Schema.SafeReflectionInvoker.CreateInstanceCritical(Type type, Object[] arguments)
   at System.Xaml.Schema.XamlTypeInvoker.CreateInstance(Object[] arguments)
   at MS.Internal.Xaml.Runtime.ClrObjectRuntime.CreateInstance(XamlType xamlType, Object[] args)
   at MS.Internal.Xaml.Runtime.PartialTrustTolerantRuntime.CreateInstance(XamlType xamlType, Object[] args)
   at System.Xaml.XamlObjectWriter.Logic_CreateAndAssignToParentStart(ObjectWriterContext ctx)
   at System.Xaml.XamlObjectWriter.WriteStartMember(XamlMember property)
   at System.Windows.Markup.WpfXamlLoader.TransformNodes(XamlReader xamlReader, XamlObjectWriter xamlWriter, Boolean onlyLoadOneNode, Boolean skipJournaledProperties, Boolean shouldPassLineNumberInfo, IXamlLineInfo xamlLineInfo, IXamlLineInfoConsumer xamlLineInfoConsumer, XamlContextStack`1 stack, IStyleConnector styleConnector)
   at System.Windows.Markup.WpfXamlLoader.Load(XamlReader xamlReader, IXamlObjectWriterFactory writerFactory, Boolean skipJournaledProperties, Object rootObject, XamlObjectWriterSettings settings, Uri baseUri)
   at System.Windows.Markup.WpfXamlLoader.LoadBaml(XamlReader xamlReader, Boolean skipJournaledProperties, Object rootObject, XamlAccessLevel accessLevel, Uri baseUri)
   at System.Windows.Markup.XamlReader.LoadBaml(Stream stream, ParserContext parserContext, Object parent, Boolean closeStream)
   at System.Windows.Application.LoadBamlStreamWithSyncInfo(Stream stream, ParserContext pc)
   at System.Windows.Application.DoStartup()
   at System.Windows.Application.<.ctor>b__1_0(Object unused)
   at System.Windows.Threading.ExceptionWrapper.InternalRealCall(Delegate callback, Object args, Int32 numArgs)
   at System.Windows.Threading.ExceptionWrapper.TryCatchWhen(Object source, Delegate callback, Object args, Int32 numArgs, Delegate catchHandler)
6/8/2018 12:03:53 AMAn Application error has occured.
 Error: Cannot set Visibility to Visible or call Show, ShowDialog, Close, or WindowInteropHelper.EnsureHandle while a Window is closing.
Stack trace:    at System.Windows.Window.VerifyNotClosing()
   at System.Windows.Window.InternalClose(Boolean shutdown, Boolean ignoreCancel)
   at System.Windows.Application.DoShutdown()
   at System.Windows.Application.ShutdownImpl()
   at System.Windows.Application.ShutdownCallback(Object arg)
   at System.Windows.Threading.ExceptionWrapper.InternalRealCall(Delegate callback, Object args, Int32 numArgs)
   at System.Windows.Threading.ExceptionWrapper.TryCatchWhen(Object source, Delegate callback, Object args, Int32 numArgs, Delegate catchHandler)
6/8/2018 12:03:59 AMAn Application error has occured.
 Error: Cannot set Visibility to Visible or call Show, ShowDialog, Close, or WindowInteropHelper.EnsureHandle while a Window is closing.
Stack trace:    at System.Windows.Window.VerifyNotClosing()
   at System.Windows.Window.InternalClose(Boolean shutdown, Boolean ignoreCancel)
   at System.Windows.Application.DoShutdown()
   at System.Windows.Application.ShutdownImpl()
   at System.Windows.Application.ShutdownCallback(Object arg)
   at System.Windows.Threading.ExceptionWrapper.InternalRealCall(Delegate callback, Object args, Int32 numArgs)
   at System.Windows.Threading.ExceptionWrapper.TryCatchWhen(Object source, Delegate callback, Object args, Int32 numArgs, Delegate catchHandler)
6/8/2018 12:04:05 AMAn Application error has occured.
 Error: Cannot set Visibility to Visible or call Show, ShowDialog, Close, or WindowInteropHelper.EnsureHandle while a Window is closing.
Stack trace:    at System.Windows.Window.VerifyNotClosing()
   at System.Windows.Window.InternalClose(Boolean shutdown, Boolean ignoreCancel)
   at System.Windows.Application.DoShutdown()
   at System.Windows.Application.ShutdownImpl()
   at System.Windows.Application.ShutdownCallback(Object arg)
   at System.Windows.Threading.ExceptionWrapper.InternalRealCall(Delegate callback, Object args, Int32 numArgs)
   at System.Windows.Threading.ExceptionWrapper.TryCatchWhen(Object source, Delegate callback, Object args, Int32 numArgs, Delegate catchHandler)
6/8/2018 12:04:17 AMAn Application error has occured.
 Error: Cannot set Visibility to Visible or call Show, ShowDialog, Close, or WindowInteropHelper.EnsureHandle while a Window is closing.
Stack trace:    at System.Windows.Window.VerifyNotClosing()
   at System.Windows.Window.InternalClose(Boolean shutdown, Boolean ignoreCancel)
   at System.Windows.Application.DoShutdown()
   at System.Windows.Application.ShutdownImpl()
   at System.Windows.Application.ShutdownCallback(Object arg)
   at System.Windows.Threading.ExceptionWrapper.InternalRealCall(Delegate callback, Object args, Int32 numArgs)
   at System.Windows.Threading.ExceptionWrapper.TryCatchWhen(Object source, Delegate callback, Object args, Int32 numArgs, Delegate catchHandler)
6/8/2018 12:04:48 AMAn Application error has occured.
 Error: Cannot set Visibility to Visible or call Show, ShowDialog, Close, or WindowInteropHelper.EnsureHandle while a Window is closing.
Stack trace:    at System.Windows.Window.VerifyNotClosing()
   at System.Windows.Window.InternalClose(Boolean shutdown, Boolean ignoreCancel)
   at System.Windows.Application.DoShutdown()
   at System.Windows.Application.ShutdownImpl()
   at System.Windows.Application.ShutdownCallback(Object arg)
   at System.Windows.Threading.ExceptionWrapper.InternalRealCall(Delegate callback, Object args, Int32 numArgs)
   at System.Windows.Threading.ExceptionWrapper.TryCatchWhen(Object source, Delegate callback, Object args, Int32 numArgs, Delegate catchHandler)
